INFO: latexindent.pl version 3.8.2, 2020-06-10, a script to indent .tex files
      latexindent.pl lives here: /home/masperado/.miktex/texmfs/install/scripts/latexindent/
      Wed Jul  8 19:53:58 2020
      Filename: prez.tex
INFO: Processing switches:
INFO: Directory for backup files and indent.log: .
INFO: Perl modules are being loaded from the following directories:
      /usr/share/perl/5.26/FindBin.pm
      /home/masperado/perl5/lib/perl5/YAML/Tiny.pm
      /usr/share/perl/5.26/File/Copy.pm
      /usr/share/perl/5.26/File/Basename.pm
      /usr/share/perl/5.26/Getopt/Long.pm
      /home/masperado/perl5/lib/perl5/File/HomeDir.pm
      /home/masperado/perl5/lib/perl5/x86_64-linux-gnu-thread-multi/Unicode/GCString.pm
      /home/masperado/perl5/lib/perl5/Log/Log4perl.pm
INFO: Latex Indent perl modules are being loaded from, for example:
      /home/masperado/.miktex/texmfs/install/scripts/latexindent/LatexIndent/Document.pm
INFO: YAML settings read: defaultSettings.yaml
      Reading defaultSettings.yaml from /home/masperado/.miktex/texmfs/install/scripts/latexindent/defaultSettings.yaml
INFO: YAML settings read: indentconfig.yaml or .indentconfig.yaml
      Home directory is /home/masperado (didn't find either indentconfig.yaml or .indentconfig.yaml)
      To specify user settings you would put indentconfig.yaml here: /home/masperado/indentconfig.yaml
      Alternatively, you can use the hidden file .indentconfig.yaml as: /home/masperado/.indentconfig.yaml
INFO: Phase 1: searching for objects
INFO: Phase 2: finding surrounding indentation
INFO: Phase 3: indenting objects
INFO: Phase 4: final indentation check
INFO: Output routine:
      Not outputting to file; see -w and -o switches for more options.
      --------------
INFO: Please direct all communication/issues to:
      https://github.com/cmhughes/latexindent.pl
